<?xml version="1.0" encoding="UTF-8"?>
<!-- Generated by org.testng.reporters.JUnitXMLReporter -->
<testsuite ignored="2" hostname="DESKTOP-DI6186I" failures="0" tests="1" name="Default test" time="10.821" errors="0" timestamp="2022-12-23T22:04:59 IST">
  <testcase classname="Testcase.HomePage1_Test" name="bookingtest" time="3.405"/>
  <testcase classname="Testcase.HomePage1_Test" name="verifyurltest" time="0.0">
    <ignored/>
  </testcase> <!-- verifyurltest -->
  <testcase classname="Testcase.HomePage1_Test" name="verifylogotest" time="0.0">
    <ignored/>
  </testcase> <!-- verifylogotest -->
</testsuite> <!-- Default test -->
