<?xml version="1.0" encoding="UTF-8"?>
<testng-results ignored="2" total="3" passed="1" failed="0" skipped="0">
  <reporter-output>
  </reporter-output>
  <suite started-at="2022-12-23T22:04:48 IST" name="Default suite" finished-at="2022-12-23T22:04:59 IST" duration-ms="10821">
    <groups>
    </groups>
    <test started-at="2022-12-23T22:04:48 IST" name="Default test" finished-at="2022-12-23T22:04:59 IST" duration-ms="10821">
      <class name="Testcase.HomePage1_Test">
        <test-method is-config="true" signature="setup()[pri:0, instance:Testcase.HomePage1_Test@74d1dc36]" started-at="2022-12-23T22:04:48 IST" name="setup" finished-at="2022-12-23T22:04:55 IST" duration-ms="7097" status="PASS">
          <reporter-output>
          </reporter-output>
        </test-method> <!-- setup -->
        <test-method signature="bookingtest()[pri:0, instance:Testcase.HomePage1_Test@74d1dc36]" started-at="2022-12-23T22:04:55 IST" name="bookingtest" finished-at="2022-12-23T22:04:59 IST" duration-ms="3405" status="PASS">
          <reporter-output>
          </reporter-output>
        </test-method> <!-- bookingtest -->
        <test-method is-config="true" signature="closeb()[pri:0, instance:Testcase.HomePage1_Test@74d1dc36]" started-at="2022-12-23T22:04:59 IST" name="closeb" finished-at="2022-12-23T22:04:59 IST" duration-ms="262" status="PASS">
          <reporter-output>
          </reporter-output>
        </test-method> <!-- closeb -->
      </class> <!-- Testcase.HomePage1_Test -->
    </test> <!-- Default test -->
  </suite> <!-- Default suite -->
</testng-results>
